0 info it worked if it ends with ok
1 verbose cli [ 'node', '/usr/local/bin/npm', 'version', 'patch' ]
2 info using npm@2.1.2
3 info using node@v0.10.15
4 verbose node symlink /usr/bin/node
5 verbose stack Error: Git working directory not clean.
5 verbose stack M package.json
5 verbose stack     at /usr/local/lib/node_modules/npm/lib/version.js:92:33
5 verbose stack     at ChildProcess.exithandler (child_process.js:635:7)
5 verbose stack     at ChildProcess.EventEmitter.emit (events.js:98:17)
5 verbose stack     at maybeClose (child_process.js:735:16)
5 verbose stack     at Socket.<anonymous> (child_process.js:948:11)
5 verbose stack     at Socket.EventEmitter.emit (events.js:95:17)
5 verbose stack     at Pipe.close (net.js:466:12)
6 verbose cwd /home/zvm/bg/npm/z-view
7 error Linux 3.11.0-12-generic
8 error argv "node" "/usr/local/bin/npm" "version" "patch"
9 error node v0.10.15
10 error npm  v2.1.2
11 error Git working directory not clean.
11 error M package.json
12 error If you need help, you may report this error at:
12 error     <http://github.com/npm/npm/issues>
13 verbose exit [ 1, true ]
